── Attaching core tidyverse packages ──────────────────────── tidyverse 2.0.0 ──
✔ dplyr     1.1.4     ✔ readr     2.1.4
✔ forcats   1.0.0     ✔ stringr   1.5.1
✔ ggplot2   3.4.4     ✔ tibble    3.2.1
✔ lubridate 1.9.3     ✔ tidyr     1.3.0
✔ purrr     1.0.2     
── Conflicts ────────────────────────────────────────── tidyverse_conflicts() ──
✖ dplyr::filter() masks stats::filter()
✖ dplyr::lag()    masks stats::lag()
ℹ Use the conflicted package (<http://conflicted.r-lib.org/>) to force all conflicts to become errors
[1] TRUE
[1] TRUE
## number of individuals: 410 
## number of genes/sites: 5842 
## number of covariates: 2 
# fitting binomial mixed model ... 

warning: solve(): system is singular; attempting approx solution

warning: solve(): system is singular; attempting approx solution

warning: solve(): system is singular; attempting approx solution

warning: solve(): system is singular; attempting approx solution

warning: solve(): system is singular; attempting approx solution

warning: solve(): system is singular; attempting approx solution

warning: solve(): system is singular; attempting approx solution

warning: solve(): system is singular; attempting approx solution

warning: solve(): system is singular; attempting approx solution

warning: solve(): system is singular; attempting approx solution

warning: solve(): system is singular; attempting approx solution

warning: solve(): system is singular; attempting approx solution

warning: solve(): system is singular; attempting approx solution

warning: solve(): system is singular; attempting approx solution

warning: solve(): system is singular; attempting approx solution

warning: solve(): system is singular; attempting approx solution

warning: solve(): system is singular; attempting approx solution

warning: solve(): system is singular; attempting approx solution

warning: solve(): system is singular; attempting approx solution

warning: solve(): system is singular; attempting approx solution

warning: solve(): system is singular; attempting approx solution

warning: solve(): system is singular; attempting approx solution

warning: solve(): system is singular; attempting approx solution

warning: solve(): system is singular; attempting approx solution

warning: solve(): system is singular; attempting approx solution

warning: solve(): system is singular; attempting approx solution

warning: solve(): system is singular; attempting approx solution

warning: solve(): system is singular; attempting approx solution

warning: solve(): system is singular; attempting approx solution

warning: solve(): system is singular; attempting approx solution

warning: solve(): system is singular; attempting approx solution

warning: solve(): system is singular; attempting approx solution

warning: solve(): system is singular; attempting approx solution

warning: solve(): system is singular; attempting approx solution

warning: solve(): system is singular; attempting approx solution

warning: solve(): system is singular; attempting approx solution

warning: solve(): system is singular; attempting approx solution
