── Attaching core tidyverse packages ──────────────────────── tidyverse 2.0.0 ──
✔ dplyr     1.1.4     ✔ readr     2.1.4
✔ forcats   1.0.0     ✔ stringr   1.5.1
✔ ggplot2   3.4.4     ✔ tibble    3.2.1
✔ lubridate 1.9.3     ✔ tidyr     1.3.0
✔ purrr     1.0.2     
── Conflicts ────────────────────────────────────────── tidyverse_conflicts() ──
✖ dplyr::filter() masks stats::filter()
✖ dplyr::lag()    masks stats::lag()
ℹ Use the conflicted package (<http://conflicted.r-lib.org/>) to force all conflicts to become errors
## number of individuals: 167 
## number of genes/sites: 3878 
## number of covariates: 2 
# fitting binomial mixed model ... 

warning: solve(): system is singular; attempting approx solution

warning: solve(): system is singular; attempting approx solution

warning: solve(): system is singular; attempting approx solution

warning: solve(): system is singular; attempting approx solution

warning: solve(): system is singular; attempting approx solution

warning: solve(): system is singular; attempting approx solution

warning: solve(): system is singular; attempting approx solution

warning: solve(): system is singular; attempting approx solution

warning: solve(): system is singular; attempting approx solution

warning: solve(): system is singular; attempting approx solution

warning: solve(): system is singular; attempting approx solution

warning: solve(): system is singular; attempting approx solution

warning: solve(): system is singular; attempting approx solution

warning: solve(): system is singular; attempting approx solution

warning: solve(): system is singular; attempting approx solution

warning: solve(): system is singular; attempting approx solution

warning: solve(): system is singular; attempting approx solution

warning: solve(): system is singular; attempting approx solution

warning: solve(): system is singular; attempting approx solution

warning: solve(): system is singular; attempting approx solution

warning: solve(): system is singular; attempting approx solution

warning: solve(): system is singular; attempting approx solution

warning: solve(): system is singular; attempting approx solution

warning: solve(): system is singular; attempting approx solution

warning: solve(): system is singular; attempting approx solution

warning: solve(): system is singular; attempting approx solution

warning: solve(): system is singular; attempting approx solution

warning: solve(): system is singular; attempting approx solution

warning: solve(): system is singular; attempting approx solution

warning: solve(): system is singular; attempting approx solution

warning: solve(): system is singular; attempting approx solution

warning: solve(): system is singular; attempting approx solution

warning: solve(): system is singular; attempting approx solution

warning: solve(): system is singular; attempting approx solution

warning: solve(): system is singular; attempting approx solution

warning: solve(): system is singular; attempting approx solution

warning: solve(): system is singular; attempting approx solution

warning: solve(): system is singular; attempting approx solution

warning: solve(): system is singular; attempting approx solution

warning: solve(): system is singular; attempting approx solution

warning: solve(): system is singular; attempting approx solution

warning: solve(): system is singular; attempting approx solution

warning: solve(): system is singular; attempting approx solution

warning: solve(): system is singular; attempting approx solution

warning: solve(): system is singular; attempting approx solution

warning: solve(): system is singular; attempting approx solution

warning: solve(): system is singular; attempting approx solution

warning: solve(): system is singular; attempting approx solution

warning: solve(): system is singular; attempting approx solution

warning: solve(): system is singular; attempting approx solution

warning: solve(): system is singular; attempting approx solution

warning: solve(): system is singular; attempting approx solution

warning: solve(): system is singular; attempting approx solution

warning: solve(): system is singular; attempting approx solution

warning: solve(): system is singular; attempting approx solution

warning: solve(): system is singular; attempting approx solution

warning: solve(): system is singular; attempting approx solution

warning: solve(): system is singular; attempting approx solution

warning: solve(): system is singular; attempting approx solution

warning: solve(): system is singular; attempting approx solution

warning: solve(): system is singular; attempting approx solution

warning: solve(): system is singular; attempting approx solution

warning: solve(): system is singular; attempting approx solution

warning: solve(): system is singular; attempting approx solution

warning: solve(): system is singular; attempting approx solution
## number of individuals: 596 
## number of genes/sites: 3878 
## number of covariates: 2 
# fitting binomial mixed model ... 

warning: solve(): system is singular; attempting approx solution

warning: solve(): system is singular; attempting approx solution

warning: solve(): system is singular; attempting approx solution

warning: solve(): system is singular; attempting approx solution

warning: solve(): system is singular; attempting approx solution

warning: solve(): system is singular; attempting approx solution

warning: solve(): system is singular; attempting approx solution

warning: solve(): system is singular; attempting approx solution

warning: solve(): system is singular; attempting approx solution

warning: solve(): system is singular; attempting approx solution

warning: solve(): system is singular; attempting approx solution

warning: solve(): system is singular; attempting approx solution

warning: solve(): system is singular; attempting approx solution

warning: solve(): system is singular; attempting approx solution

warning: solve(): system is singular; attempting approx solution

warning: solve(): system is singular; attempting approx solution

warning: solve(): system is singular; attempting approx solution

warning: solve(): system is singular; attempting approx solution

warning: solve(): system is singular; attempting approx solution

warning: solve(): system is singular; attempting approx solution

warning: solve(): system is singular; attempting approx solution

warning: solve(): system is singular; attempting approx solution

warning: solve(): system is singular; attempting approx solution

warning: solve(): system is singular; attempting approx solution

warning: solve(): system is singular; attempting approx solution

warning: solve(): system is singular; attempting approx solution

warning: solve(): system is singular; attempting approx solution

warning: solve(): system is singular; attempting approx solution

warning: solve(): system is singular; attempting approx solution

warning: solve(): system is singular; attempting approx solution

warning: solve(): system is singular; attempting approx solution

warning: solve(): system is singular; attempting approx solution

warning: solve(): system is singular; attempting approx solution

warning: solve(): system is singular; attempting approx solution

warning: solve(): system is singular; attempting approx solution

warning: solve(): system is singular; attempting approx solution

warning: solve(): system is singular; attempting approx solution

warning: solve(): system is singular; attempting approx solution

warning: solve(): system is singular; attempting approx solution

warning: solve(): system is singular; attempting approx solution

warning: solve(): system is singular; attempting approx solution

warning: solve(): system is singular; attempting approx solution

warning: solve(): system is singular; attempting approx solution

warning: solve(): system is singular; attempting approx solution

warning: solve(): system is singular; attempting approx solution

warning: solve(): system is singular; attempting approx solution

warning: solve(): system is singular; attempting approx solution

warning: solve(): system is singular; attempting approx solution

warning: solve(): system is singular; attempting approx solution

warning: solve(): system is singular; attempting approx solution

warning: solve(): system is singular; attempting approx solution

warning: solve(): system is singular (rcond: 3.56915e-18); attempting approx solution

warning: solve(): system is singular (rcond: 3.56915e-18); attempting approx solution

warning: solve(): system is singular (rcond: 3.56915e-18); attempting approx solution

warning: solve(): system is singular (rcond: 3.56915e-18); attempting approx solution

warning: solve(): system is singular (rcond: 3.56915e-18); attempting approx solution

warning: solve(): system is singular (rcond: 3.56915e-18); attempting approx solution

warning: solve(): system is singular (rcond: 3.56915e-18); attempting approx solution

warning: solve(): system is singular (rcond: 3.56915e-18); attempting approx solution

warning: solve(): system is singular (rcond: 3.56915e-18); attempting approx solution

warning: solve(): system is singular (rcond: 3.56915e-18); attempting approx solution

warning: solve(): system is singular (rcond: 3.56915e-18); attempting approx solution

warning: solve(): system is singular (rcond: 3.56915e-18); attempting approx solution

warning: solve(): system is singular (rcond: 3.56915e-18); attempting approx solution

warning: solve(): system is singular (rcond: 3.37413e-19); attempting approx solution

warning: solve(): system is singular (rcond: 3.37413e-19); attempting approx solution

warning: solve(): system is singular (rcond: 3.37413e-19); attempting approx solution

warning: solve(): system is singular (rcond: 3.37413e-19); attempting approx solution

warning: solve(): system is singular (rcond: 3.37413e-19); attempting approx solution

warning: solve(): system is singular (rcond: 3.37413e-19); attempting approx solution

warning: solve(): system is singular (rcond: 3.37413e-19); attempting approx solution

warning: solve(): system is singular (rcond: 3.37413e-19); attempting approx solution

warning: solve(): system is singular (rcond: 3.37413e-19); attempting approx solution

warning: solve(): system is singular (rcond: 3.37413e-19); attempting approx solution

warning: solve(): system is singular (rcond: 3.37413e-19); attempting approx solution

warning: solve(): system is singular (rcond: 3.4138e-21); attempting approx solution

warning: solve(): system is singular (rcond: 3.4138e-21); attempting approx solution

warning: solve(): system is singular (rcond: 3.4138e-21); attempting approx solution

warning: solve(): system is singular (rcond: 3.4138e-21); attempting approx solution

warning: solve(): system is singular (rcond: 3.4138e-21); attempting approx solution

warning: solve(): system is singular (rcond: 3.4138e-21); attempting approx solution

warning: solve(): system is singular (rcond: 3.4138e-21); attempting approx solution

warning: solve(): system is singular (rcond: 3.4138e-21); attempting approx solution

warning: solve(): system is singular (rcond: 3.4138e-21); attempting approx solution

warning: solve(): system is singular (rcond: 3.4138e-21); attempting approx solution

warning: solve(): system is singular (rcond: 1.2627e-22); attempting approx solution

warning: solve(): system is singular (rcond: 1.2627e-22); attempting approx solution

warning: solve(): system is singular (rcond: 1.2627e-22); attempting approx solution

warning: solve(): system is singular (rcond: 1.2627e-22); attempting approx solution

warning: solve(): system is singular (rcond: 1.2627e-22); attempting approx solution

warning: solve(): system is singular (rcond: 1.2627e-22); attempting approx solution

warning: solve(): system is singular (rcond: 1.2627e-22); attempting approx solution

warning: solve(): system is singular (rcond: 1.2627e-22); attempting approx solution

warning: solve(): system is singular (rcond: 9.24768e-24); attempting approx solution

warning: solve(): system is singular (rcond: 9.24768e-24); attempting approx solution

warning: solve(): system is singular (rcond: 9.24768e-24); attempting approx solution

warning: solve(): system is singular (rcond: 9.24768e-24); attempting approx solution

warning: solve(): system is singular (rcond: 9.24768e-24); attempting approx solution

warning: solve(): system is singular (rcond: 9.24768e-24); attempting approx solution

warning: solve(): system is singular (rcond: 9.24768e-24); attempting approx solution

warning: solve(): system is singular (rcond: 1.14936e-25); attempting approx solution

warning: solve(): system is singular (rcond: 1.14936e-25); attempting approx solution

warning: solve(): system is singular (rcond: 1.14936e-25); attempting approx solution

warning: solve(): system is singular (rcond: 1.14936e-25); attempting approx solution

warning: solve(): system is singular (rcond: 1.14936e-25); attempting approx solution

warning: solve(): system is singular (rcond: 1.14936e-25); attempting approx solution

warning: solve(): system is singular (rcond: 1.4189e-26); attempting approx solution

warning: solve(): system is singular (rcond: 1.4189e-26); attempting approx solution

warning: solve(): system is singular (rcond: 1.4189e-26); attempting approx solution

warning: solve(): system is singular (rcond: 1.4189e-26); attempting approx solution

warning: solve(): system is singular (rcond: 8.32678e-30); attempting approx solution

warning: solve(): system is singular (rcond: 5.68722e-31); attempting approx solution

warning: solve(): system is singular (rcond: 8.11291e-31); attempting approx solution

warning: solve(): system is singular (rcond: 1.08774e-30); attempting approx solution

warning: solve(): system is singular (rcond: 1.15771e-30); attempting approx solution

warning: solve(): system is singular (rcond: 1.72138e-30); attempting approx solution

warning: solve(): system is singular (rcond: 3.35872e-30); attempting approx solution

warning: solve(): system is singular (rcond: 5.69084e-25); attempting approx solution

warning: solve(): system is singular (rcond: 5.69084e-25); attempting approx solution

warning: solve(): system is singular (rcond: 5.69084e-25); attempting approx solution

warning: solve(): system is singular (rcond: 5.69084e-25); attempting approx solution

warning: solve(): system is singular (rcond: 5.69084e-25); attempting approx solution

warning: solve(): system is singular (rcond: 5.69084e-25); attempting approx solution

warning: solve(): system is singular (rcond: 5.69084e-25); attempting approx solution

warning: solve(): system is singular (rcond: 5.69084e-25); attempting approx solution

warning: solve(): system is singular (rcond: 5.69084e-25); attempting approx solution

warning: solve(): system is singular (rcond: 4.35603e-26); attempting approx solution

warning: solve(): system is singular (rcond: 4.35603e-26); attempting approx solution

warning: solve(): system is singular (rcond: 4.35603e-26); attempting approx solution

warning: solve(): system is singular (rcond: 4.35603e-26); attempting approx solution

warning: solve(): system is singular (rcond: 4.35603e-26); attempting approx solution

warning: solve(): system is singular (rcond: 4.35603e-26); attempting approx solution

warning: solve(): system is singular (rcond: 4.35603e-26); attempting approx solution

warning: solve(): system is singular (rcond: 5.04819e-28); attempting approx solution

warning: solve(): system is singular (rcond: 5.04819e-28); attempting approx solution

warning: solve(): system is singular (rcond: 5.04819e-28); attempting approx solution

warning: solve(): system is singular (rcond: 5.04819e-28); attempting approx solution

warning: solve(): system is singular (rcond: 5.04819e-28); attempting approx solution

warning: solve(): system is singular (rcond: 1.39827e-29); attempting approx solution

warning: solve(): system is singular (rcond: 1.39827e-29); attempting approx solution

warning: solve(): system is singular (rcond: 1.39827e-29); attempting approx solution

warning: solve(): system is singular (rcond: 1.5233e-31); attempting approx solution

warning: solve(): system is singular (rcond: 6.32474e-33); attempting approx solution

warning: solve(): system is singular (rcond: 7.98823e-33); attempting approx solution

warning: solve(): system is singular (rcond: 1.09757e-32); attempting approx solution

warning: solve(): system is singular (rcond: 1.43445e-32); attempting approx solution

warning: solve(): system is singular (rcond: 1.80086e-32); attempting approx solution

warning: solve(): system is singular (rcond: 2.18657e-32); attempting approx solution

warning: solve(): system is singular (rcond: 2.5994e-32); attempting approx solution

warning: solve(): system is singular (rcond: 3.03895e-32); attempting approx solution

warning: solve(): system is singular (rcond: 3.50397e-32); attempting approx solution

warning: solve(): system is singular (rcond: 3.99393e-32); attempting approx solution

warning: solve(): system is singular (rcond: 4.50341e-32); attempting approx solution

warning: solve(): system is singular (rcond: 5.01989e-32); attempting approx solution

warning: solve(): system is singular (rcond: 5.51189e-32); attempting approx solution

warning: solve(): system is singular (rcond: 5.9346e-32); attempting approx solution

warning: solve(): system is singular (rcond: 6.26637e-32); attempting approx solution

warning: solve(): system is singular (rcond: 6.49093e-32); attempting approx solution

warning: solve(): system is singular (rcond: 6.40298e-32); attempting approx solution

warning: solve(): system is singular (rcond: 5.75981e-32); attempting approx solution

warning: solve(): system is singular (rcond: 1.68022e-32); attempting approx solution

warning: solve(): system is singular (rcond: 4.1205e-31); attempting approx solution

warning: solve(): system is singular (rcond: 4.6517e-19); attempting approx solution

warning: solve(): system is singular (rcond: 3.45888e-33); attempting approx solution

warning: solve(): system is singular (rcond: 2.36042e-33); attempting approx solution

warning: solve(): system is singular (rcond: 1.71398e-33); attempting approx solution

warning: solve(): system is singular (rcond: 1.41279e-33); attempting approx solution

warning: solve(): system is singular (rcond: 1.43188e-33); attempting approx solution

warning: solve(): system is singular (rcond: 1.76544e-33); attempting approx solution

warning: solve(): system is singular (rcond: 2.41248e-33); attempting approx solution

warning: solve(): system is singular (rcond: 3.37223e-33); attempting approx solution

warning: solve(): system is singular (rcond: 4.64485e-33); attempting approx solution

warning: solve(): system is singular (rcond: 6.23053e-33); attempting approx solution

warning: solve(): system is singular (rcond: 8.12925e-33); attempting approx solution

warning: solve(): system is singular (rcond: 1.0341e-32); attempting approx solution

warning: solve(): system is singular (rcond: 1.28659e-32); attempting approx solution

warning: solve(): system is singular (rcond: 1.57038e-32); attempting approx solution

warning: solve(): system is singular (rcond: 1.88545e-32); attempting approx solution

warning: solve(): system is singular (rcond: 2.23177e-32); attempting approx solution

warning: solve(): system is singular (rcond: 2.60916e-32); attempting approx solution

warning: solve(): system is singular (rcond: 3.01716e-32); attempting approx solution

warning: solve(): system is singular (rcond: 3.4543e-32); attempting approx solution

warning: solve(): system is singular (rcond: 3.91591e-32); attempting approx solution

warning: solve(): system is singular (rcond: 4.38576e-32); attempting approx solution

warning: solve(): system is singular (rcond: 4.7781e-32); attempting approx solution

warning: solve(): system is singular (rcond: 5.197e-32); attempting approx solution

warning: solve(): system is singular (rcond: 6.9399e-32); attempting approx solution

warning: solve(): system is singular (rcond: 1.54933e-33); attempting approx solution

warning: solve(): system is singular (rcond: 4.01071e-32); attempting approx solution

warning: solve(): system is singular (rcond: 1.06476e-17); attempting approx solution

warning: solve(): system is singular (rcond: 3.37122e-33); attempting approx solution

warning: solve(): system is singular (rcond: 2.19171e-33); attempting approx solution

warning: solve(): system is singular (rcond: 1.46677e-33); attempting approx solution

warning: solve(): system is singular (rcond: 1.08754e-33); attempting approx solution

warning: solve(): system is singular (rcond: 1.02868e-33); attempting approx solution

warning: solve(): system is singular (rcond: 1.28425e-33); attempting approx solution

warning: solve(): system is singular (rcond: 1.85291e-33); attempting approx solution

warning: solve(): system is singular (rcond: 2.7345e-33); attempting approx solution

warning: solve(): system is singular (rcond: 3.92905e-33); attempting approx solution

warning: solve(): system is singular (rcond: 5.43662e-33); attempting approx solution

warning: solve(): system is singular (rcond: 7.25723e-33); attempting approx solution

warning: solve(): system is singular (rcond: 9.39081e-33); attempting approx solution

warning: solve(): system is singular (rcond: 1.18373e-32); attempting approx solution

warning: solve(): system is singular (rcond: 1.45963e-32); attempting approx solution

warning: solve(): system is singular (rcond: 1.76662e-32); attempting approx solution

warning: solve(): system is singular (rcond: 2.10427e-32); attempting approx solution

warning: solve(): system is singular (rcond: 2.4711e-32); attempting approx solution

warning: solve(): system is singular (rcond: 2.86183e-32); attempting approx solution

warning: solve(): system is singular (rcond: 3.24978e-32); attempting approx solution

warning: solve(): system is singular (rcond: 4.2351e-32); attempting approx solution

warning: solve(): system is singular (rcond: 4.65553e-32); attempting approx solution

warning: solve(): system is singular (rcond: 5.33561e-32); attempting approx solution

warning: solve(): system is singular (rcond: 6.65897e-32); attempting approx solution

warning: solve(): system is singular (rcond: 6.99207e-32); attempting approx solution

warning: solve(): system is singular (rcond: 4.62025e-32); attempting approx solution

warning: solve(): system is singular (rcond: 3.60715e-32); attempting approx solution

warning: solve(): system is singular (rcond: 2.82538e-20); attempting approx solution

warning: solve(): system is singular (rcond: 3.83593e-33); attempting approx solution

warning: solve(): system is singular (rcond: 2.60166e-33); attempting approx solution

warning: solve(): system is singular (rcond: 1.84134e-33); attempting approx solution

warning: solve(): system is singular (rcond: 1.43333e-33); attempting approx solution

warning: solve(): system is singular (rcond: 1.34811e-33); attempting approx solution

warning: solve(): system is singular (rcond: 1.57814e-33); attempting approx solution

warning: solve(): system is singular (rcond: 2.12154e-33); attempting approx solution

warning: solve(): system is singular (rcond: 2.97796e-33); attempting approx solution

warning: solve(): system is singular (rcond: 4.14739e-33); attempting approx solution

warning: solve(): system is singular (rcond: 5.6307e-33); attempting approx solution

warning: solve(): system is singular (rcond: 7.42531e-33); attempting approx solution

warning: solve(): system is singular (rcond: 9.53392e-33); attempting approx solution

warning: solve(): system is singular (rcond: 1.19554e-32); attempting approx solution

warning: solve(): system is singular (rcond: 1.46896e-32); attempting approx solution

warning: solve(): system is singular (rcond: 1.77355e-32); attempting approx solution

warning: solve(): system is singular (rcond: 2.10901e-32); attempting approx solution

warning: solve(): system is singular (rcond: 2.47436e-32); attempting approx solution

warning: solve(): system is singular (rcond: 2.86631e-32); attempting approx solution

warning: solve(): system is singular (rcond: 3.27241e-32); attempting approx solution

warning: solve(): system is singular (rcond: 3.61688e-32); attempting approx solution

warning: solve(): system is singular (rcond: 4.70601e-32); attempting approx solution

warning: solve(): system is singular (rcond: 5.7562e-32); attempting approx solution

warning: solve(): system is singular (rcond: 5.52077e-32); attempting approx solution

warning: solve(): system is singular (rcond: 7.90391e-33); attempting approx solution

warning: solve(): system is singular (rcond: 8.36063e-32); attempting approx solution

warning: solve(): system is singular (rcond: 8.07603e-32); attempting approx solution

warning: solve(): system is singular (rcond: 7.04064e-28); attempting approx solution

warning: solve(): system is singular (rcond: 5.1692e-19); attempting approx solution

warning: solve(): system is singular (rcond: 3.34822e-33); attempting approx solution

warning: solve(): system is singular (rcond: 2.3706e-33); attempting approx solution

warning: solve(): system is singular (rcond: 1.79938e-33); attempting approx solution

warning: solve(): system is singular (rcond: 1.56313e-33); attempting approx solution

warning: solve(): system is singular (rcond: 1.64496e-33); attempting approx solution

warning: solve(): system is singular (rcond: 2.04068e-33); attempting approx solution

warning: solve(): system is singular (rcond: 2.7498e-33); attempting approx solution

warning: solve(): system is singular (rcond: 3.77136e-33); attempting approx solution

warning: solve(): system is singular (rcond: 5.10508e-33); attempting approx solution

warning: solve(): system is singular (rcond: 6.74957e-33); attempting approx solution

warning: solve(): system is singular (rcond: 8.70035e-33); attempting approx solution

warning: solve(): system is singular (rcond: 1.0945e-32); attempting approx solution

warning: solve(): system is singular (rcond: 1.34552e-32); attempting approx solution

warning: solve(): system is singular (rcond: 1.6191e-32); attempting approx solution

warning: solve(): system is singular (rcond: 1.91504e-32); attempting approx solution

warning: solve(): system is singular (rcond: 2.23537e-32); attempting approx solution

warning: solve(): system is singular (rcond: 2.56874e-32); attempting approx solution

warning: solve(): system is singular (rcond: 2.8536e-32); attempting approx solution

warning: solve(): system is singular (rcond: 3.28485e-32); attempting approx solution

warning: solve(): system is singular (rcond: 4.14039e-32); attempting approx solution

warning: solve(): system is singular (rcond: 6.01061e-32); attempting approx solution

warning: solve(): system is singular (rcond: 5.27103e-32); attempting approx solution

warning: solve(): system is singular (rcond: 7.79135e-32); attempting approx solution

warning: solve(): system is singular (rcond: 8.15408e-32); attempting approx solution

warning: solve(): system is singular (rcond: 7.59512e-32); attempting approx solution

warning: solve(): system is singular (rcond: 1.24035e-31); attempting approx solution

warning: solve(): system is singular (rcond: 2.00388e-32); attempting approx solution

warning: solve(): system is singular (rcond: 1.88786e-33); attempting approx solution

warning: solve(): system is singular (rcond: 7.01872e-32); attempting approx solution

warning: solve(): system is singular (rcond: 7.52439e-32); attempting approx solution

warning: solve(): system is singular (rcond: 7.5754e-32); attempting approx solution

warning: solve(): system is singular (rcond: 7.59134e-32); attempting approx solution

warning: solve(): system is singular (rcond: 7.57887e-32); attempting approx solution

warning: solve(): system is singular (rcond: 7.54266e-32); attempting approx solution

warning: solve(): system is singular (rcond: 7.49257e-32); attempting approx solution

warning: solve(): system is singular (rcond: 7.42934e-32); attempting approx solution

warning: solve(): system is singular (rcond: 7.35837e-32); attempting approx solution

warning: solve(): system is singular (rcond: 7.28311e-32); attempting approx solution

warning: solve(): system is singular (rcond: 7.20213e-32); attempting approx solution

warning: solve(): system is singular (rcond: 7.11456e-32); attempting approx solution

warning: solve(): system is singular (rcond: 7.01852e-32); attempting approx solution

warning: solve(): system is singular (rcond: 6.90818e-32); attempting approx solution

warning: solve(): system is singular (rcond: 6.76376e-32); attempting approx solution

warning: solve(): system is singular (rcond: 6.47524e-32); attempting approx solution

warning: solve(): system is singular (rcond: 6.00288e-32); attempting approx solution

warning: solve(): system is singular (rcond: 8.15604e-32); attempting approx solution

warning: solve(): system is singular (rcond: 8.13324e-32); attempting approx solution

warning: solve(): system is singular (rcond: 7.89849e-32); attempting approx solution

warning: solve(): system is singular (rcond: 8.72408e-32); attempting approx solution

warning: solve(): system is singular (rcond: 8.84644e-32); attempting approx solution

warning: solve(): system is singular (rcond: 8.40014e-32); attempting approx solution

warning: solve(): system is singular (rcond: 1.53355e-31); attempting approx solution

warning: solve(): system is singular (rcond: 9.64757e-32); attempting approx solution

warning: solve(): system is singular (rcond: 4.2324e-22); attempting approx solution

warning: solve(): system is singular (rcond: 1.52902e-33); attempting approx solution

warning: solve(): system is singular (rcond: 1.37126e-33); attempting approx solution

warning: solve(): system is singular (rcond: 1.40671e-33); attempting approx solution

warning: solve(): system is singular (rcond: 1.69146e-33); attempting approx solution

warning: solve(): system is singular (rcond: 2.24122e-33); attempting approx solution

warning: solve(): system is singular (rcond: 3.0536e-33); attempting approx solution

warning: solve(): system is singular (rcond: 4.12457e-33); attempting approx solution

warning: solve(): system is singular (rcond: 5.45378e-33); attempting approx solution

warning: solve(): system is singular (rcond: 7.04037e-33); attempting approx solution

warning: solve(): system is singular (rcond: 8.88239e-33); attempting approx solution

warning: solve(): system is singular (rcond: 1.09725e-32); attempting approx solution

warning: solve(): system is singular (rcond: 1.32806e-32); attempting approx solution

warning: solve(): system is singular (rcond: 1.55882e-32); attempting approx solution

warning: solve(): system is singular (rcond: 6.07526e-32); attempting approx solution

warning: solve(): system is singular (rcond: 2.33744e-32); attempting approx solution

warning: solve(): system is singular (rcond: 2.69507e-32); attempting approx solution

warning: solve(): system is singular (rcond: 3.074e-32); attempting approx solution

warning: solve(): system is singular (rcond: 3.73037e-32); attempting approx solution

warning: solve(): system is singular (rcond: 4.16452e-32); attempting approx solution

warning: solve(): system is singular (rcond: 4.59374e-32); attempting approx solution

warning: solve(): system is singular (rcond: 4.8751e-32); attempting approx solution

warning: solve(): system is singular (rcond: 5.9651e-32); attempting approx solution

warning: solve(): system is singular (rcond: 5.98656e-32); attempting approx solution

warning: solve(): system is singular (rcond: 7.3311e-32); attempting approx solution

warning: solve(): system is singular (rcond: 6.95471e-32); attempting approx solution

warning: solve(): system is singular (rcond: 6.71335e-32); attempting approx solution

warning: solve(): system is singular (rcond: 5.99553e-32); attempting approx solution

warning: solve(): system is singular (rcond: 6.32221e-32); attempting approx solution

warning: solve(): system is singular (rcond: 6.78634e-32); attempting approx solution

warning: solve(): system is singular (rcond: 6.90306e-32); attempting approx solution

warning: solve(): system is singular (rcond: 7.10368e-32); attempting approx solution

warning: solve(): system is singular (rcond: 6.35905e-32); attempting approx solution

warning: solve(): system is singular (rcond: 6.40736e-32); attempting approx solution

warning: solve(): system is singular (rcond: 6.69238e-32); attempting approx solution

warning: solve(): system is singular (rcond: 6.82701e-32); attempting approx solution

warning: solve(): system is singular (rcond: 6.74718e-32); attempting approx solution

warning: solve(): system is singular (rcond: 6.65813e-32); attempting approx solution

warning: solve(): system is singular (rcond: 6.56377e-32); attempting approx solution

warning: solve(): system is singular (rcond: 6.45768e-32); attempting approx solution

warning: solve(): system is singular (rcond: 6.29592e-32); attempting approx solution

warning: solve(): system is singular (rcond: 6.60726e-32); attempting approx solution

warning: solve(): system is singular (rcond: 6.56765e-32); attempting approx solution

warning: solve(): system is singular (rcond: 6.60058e-32); attempting approx solution

warning: solve(): system is singular (rcond: 6.47796e-32); attempting approx solution

warning: solve(): system is singular (rcond: 6.32276e-32); attempting approx solution

warning: solve(): system is singular (rcond: 6.12921e-32); attempting approx solution

warning: solve(): system is singular (rcond: 5.14439e-32); attempting approx solution

warning: solve(): system is singular (rcond: 5.88477e-32); attempting approx solution

warning: solve(): system is singular (rcond: 3.36736e-32); attempting approx solution

warning: solve(): system is singular (rcond: 4.7109e-33); attempting approx solution

warning: solve(): system is singular (rcond: 4.77259e-32); attempting approx solution

warning: solve(): system is singular (rcond: 4.98095e-32); attempting approx solution

warning: solve(): system is singular (rcond: 4.02834e-32); attempting approx solution

warning: solve(): system is singular (rcond: 6.0589e-32); attempting approx solution

warning: solve(): system is singular (rcond: 6.19262e-32); attempting approx solution

warning: solve(): system is singular (rcond: 6.20013e-32); attempting approx solution

warning: solve(): system is singular (rcond: 6.29886e-32); attempting approx solution

warning: solve(): system is singular (rcond: 6.27026e-32); attempting approx solution

warning: solve(): system is singular (rcond: 3.95782e-32); attempting approx solution

warning: solve(): system is singular (rcond: 6.17377e-32); attempting approx solution

warning: solve(): system is singular (rcond: 6.28618e-32); attempting approx solution

warning: solve(): system is singular (rcond: 6.30395e-32); attempting approx solution

warning: solve(): system is singular (rcond: 6.29912e-32); attempting approx solution

warning: solve(): system is singular (rcond: 6.2938e-32); attempting approx solution

warning: solve(): system is singular (rcond: 6.27717e-32); attempting approx solution

warning: solve(): system is singular (rcond: 6.20693e-32); attempting approx solution

warning: solve(): system is singular (rcond: 6.34845e-32); attempting approx solution

warning: solve(): system is singular (rcond: 6.37547e-32); attempting approx solution

warning: solve(): system is singular (rcond: 6.363e-32); attempting approx solution

warning: solve(): system is singular (rcond: 6.3378e-32); attempting approx solution

warning: solve(): system is singular (rcond: 6.29163e-32); attempting approx solution

warning: solve(): system is singular (rcond: 6.20037e-32); attempting approx solution

warning: solve(): system is singular (rcond: 5.31117e-32); attempting approx solution

warning: solve(): system is singular (rcond: 5.88024e-32); attempting approx solution

warning: solve(): system is singular (rcond: 6.46441e-32); attempting approx solution

warning: solve(): system is singular (rcond: 7.5138e-32); attempting approx solution

warning: solve(): system is singular (rcond: 2.67018e-31); attempting approx solution

warning: solve(): system is singular (rcond: 3.36892e-32); attempting approx solution

warning: solve(): system is singular (rcond: 4.04023e-32); attempting approx solution

warning: solve(): system is singular (rcond: 2.15484e-32); attempting approx solution

warning: solve(): system is singular (rcond: 5.12403e-32); attempting approx solution

warning: solve(): system is singular (rcond: 5.31147e-32); attempting approx solution

warning: solve(): system is singular (rcond: 5.27682e-32); attempting approx solution

warning: solve(): system is singular (rcond: 5.1825e-32); attempting approx solution

warning: solve(): system is singular (rcond: 5.35692e-32); attempting approx solution

warning: solve(): system is singular (rcond: 5.2851e-32); attempting approx solution

warning: solve(): system is singular (rcond: 4.81517e-32); attempting approx solution

warning: solve(): system is singular (rcond: 4.55128e-32); attempting approx solution

warning: solve(): system is singular (rcond: 3.44861e-32); attempting approx solution

warning: solve(): system is singular (rcond: 4.66143e-32); attempting approx solution

warning: solve(): system is singular (rcond: 5.89583e-32); attempting approx solution

warning: solve(): system is singular (rcond: 5.8517e-32); attempting approx solution

warning: solve(): system is singular (rcond: 6.03108e-32); attempting approx solution

warning: solve(): system is singular (rcond: 6.09551e-32); attempting approx solution

warning: solve(): system is singular (rcond: 6.11562e-32); attempting approx solution

warning: solve(): system is singular (rcond: 6.12092e-32); attempting approx solution

warning: solve(): system is singular (rcond: 6.36629e-32); attempting approx solution

warning: solve(): system is singular (rcond: 6.36102e-32); attempting approx solution

warning: solve(): system is singular (rcond: 6.307e-32); attempting approx solution

warning: solve(): system is singular (rcond: 6.41165e-32); attempting approx solution

warning: solve(): system is singular (rcond: 6.50111e-32); attempting approx solution

warning: solve(): system is singular (rcond: 6.23043e-32); attempting approx solution

warning: solve(): system is singular (rcond: 6.80722e-32); attempting approx solution

warning: solve(): system is singular (rcond: 3.42958e-32); attempting approx solution

warning: solve(): system is singular (rcond: 7.24835e-32); attempting approx solution

warning: solve(): system is singular (rcond: 7.2707e-32); attempting approx solution

warning: solve(): system is singular (rcond: 7.07516e-32); attempting approx solution

warning: solve(): system is singular (rcond: 6.8253e-32); attempting approx solution

warning: solve(): system is singular (rcond: 6.6751e-32); attempting approx solution

warning: solve(): system is singular (rcond: 7.6909e-32); attempting approx solution

warning: solve(): system is singular (rcond: 7.42372e-32); attempting approx solution

warning: solve(): system is singular (rcond: 7.28843e-32); attempting approx solution

warning: solve(): system is singular (rcond: 7.08313e-32); attempting approx solution

warning: solve(): system is singular (rcond: 6.52724e-32); attempting approx solution

warning: solve(): system is singular (rcond: 6.50688e-32); attempting approx solution

warning: solve(): system is singular (rcond: 6.46938e-32); attempting approx solution

warning: solve(): system is singular (rcond: 3.46877e-31); attempting approx solution

warning: solve(): system is singular (rcond: 2.41498e-32); attempting approx solution

warning: solve(): system is singular (rcond: 1.09082e-20); attempting approx solution

warning: solve(): system is singular (rcond: 3.48845e-20); attempting approx solution

warning: solve(): system is singular (rcond: 2.5376e-33); attempting approx solution

warning: solve(): system is singular (rcond: 1.69959e-33); attempting approx solution

warning: solve(): system is singular (rcond: 1.16008e-33); attempting approx solution

warning: solve(): system is singular (rcond: 8.90133e-34); attempting approx solution

warning: solve(): system is singular (rcond: 8.81715e-34); attempting approx solution

warning: solve(): system is singular (rcond: 1.13253e-33); attempting approx solution

warning: solve(): system is singular (rcond: 1.64161e-33); attempting approx solution

warning: solve(): system is singular (rcond: 2.4077e-33); attempting approx solution

warning: solve(): system is singular (rcond: 3.42727e-33); attempting approx solution

warning: solve(): system is singular (rcond: 4.6898e-33); attempting approx solution

warning: solve(): system is singular (rcond: 6.16322e-33); attempting approx solution

warning: solve(): system is singular (rcond: 7.73957e-33); attempting approx solution

warning: solve(): system is singular (rcond: 8.94271e-33); attempting approx solution

warning: solve(): system is singular (rcond: 3.02268e-33); attempting approx solution

warning: solve(): system is singular (rcond: 8.65696e-33); attempting approx solution

warning: solve(): system is singular (rcond: 2.64852e-32); attempting approx solution

warning: solve(): system is singular (rcond: 3.0574e-32); attempting approx solution

warning: solve(): system is singular (rcond: 3.48954e-32); attempting approx solution

warning: solve(): system is singular (rcond: 3.93853e-32); attempting approx solution

warning: solve(): system is singular (rcond: 4.38826e-32); attempting approx solution

warning: solve(): system is singular (rcond: 4.73357e-32); attempting approx solution

warning: solve(): system is singular (rcond: 6.37974e-30); attempting approx solution

warning: solve(): system is singular (rcond: 7.01221e-32); attempting approx solution

warning: solve(): system is singular (rcond: 7.36953e-32); attempting approx solution

warning: solve(): system is singular (rcond: 7.63533e-32); attempting approx solution

warning: solve(): system is singular (rcond: 7.14891e-32); attempting approx solution

warning: solve(): system is singular (rcond: 7.81232e-32); attempting approx solution

warning: solve(): system is singular (rcond: 8.06097e-32); attempting approx solution

warning: solve(): system is singular (rcond: 7.94547e-32); attempting approx solution

warning: solve(): system is singular (rcond: 8.09572e-32); attempting approx solution

warning: solve(): system is singular (rcond: 7.96424e-32); attempting approx solution

warning: solve(): system is singular (rcond: 7.81294e-32); attempting approx solution

warning: solve(): system is singular (rcond: 7.65167e-32); attempting approx solution

warning: solve(): system is singular (rcond: 7.48659e-32); attempting approx solution

warning: solve(): system is singular (rcond: 7.42728e-32); attempting approx solution

warning: solve(): system is singular (rcond: 7.27142e-32); attempting approx solution

warning: solve(): system is singular (rcond: 7.07421e-32); attempting approx solution

warning: solve(): system is singular (rcond: 6.831e-32); attempting approx solution

warning: solve(): system is singular (rcond: 6.29775e-32); attempting approx solution

warning: solve(): system is singular (rcond: 6.41504e-32); attempting approx solution

warning: solve(): system is singular (rcond: 6.02082e-32); attempting approx solution

warning: solve(): system is singular (rcond: 6.84601e-32); attempting approx solution

warning: solve(): system is singular (rcond: 2.15049e-30); attempting approx solution

warning: solve(): system is singular (rcond: 3.92723e-32); attempting approx solution

warning: solve(): system is singular (rcond: 4.49422e-32); attempting approx solution

warning: solve(): system is singular (rcond: 4.48186e-32); attempting approx solution

warning: solve(): system is singular (rcond: 4.30115e-32); attempting approx solution

warning: solve(): system is singular (rcond: 5.11095e-32); attempting approx solution

warning: solve(): system is singular (rcond: 1.93996e-32); attempting approx solution

warning: solve(): system is singular (rcond: 4.76866e-32); attempting approx solution

warning: solve(): system is singular (rcond: 5.09712e-32); attempting approx solution

warning: solve(): system is singular (rcond: 5.07261e-32); attempting approx solution

warning: solve(): system is singular (rcond: 4.92124e-32); attempting approx solution

warning: solve(): system is singular (rcond: 5.30949e-32); attempting approx solution

warning: solve(): system is singular (rcond: 5.29701e-32); attempting approx solution

warning: solve(): system is singular (rcond: 5.1401e-32); attempting approx solution

warning: solve(): system is singular (rcond: 1.17969e-32); attempting approx solution

warning: solve(): system is singular (rcond: 5.5508e-32); attempting approx solution

warning: solve(): system is singular (rcond: 5.66021e-32); attempting approx solution

warning: solve(): system is singular (rcond: 6.11821e-32); attempting approx solution

warning: solve(): system is singular (rcond: 6.60169e-32); attempting approx solution

warning: solve(): system is singular (rcond: 6.67767e-32); attempting approx solution

warning: solve(): system is singular (rcond: 6.72445e-32); attempting approx solution

warning: solve(): system is singular (rcond: 6.773e-32); attempting approx solution

warning: solve(): system is singular (rcond: 6.81936e-32); attempting approx solution

warning: solve(): system is singular (rcond: 6.85577e-32); attempting approx solution

warning: solve(): system is singular (rcond: 6.83389e-32); attempting approx solution

warning: solve(): system is singular (rcond: 6.58405e-32); attempting approx solution

warning: solve(): system is singular (rcond: 6.74397e-32); attempting approx solution

warning: solve(): system is singular (rcond: 5.60235e-32); attempting approx solution

warning: solve(): system is singular (rcond: 5.6053e-32); attempting approx solution

warning: solve(): system is singular (rcond: 5.87208e-32); attempting approx solution

warning: solve(): system is singular (rcond: 6.23868e-32); attempting approx solution

warning: solve(): system is singular (rcond: 6.40598e-32); attempting approx solution

warning: solve(): system is singular (rcond: 5.98919e-32); attempting approx solution

warning: solve(): system is singular (rcond: 6.26696e-32); attempting approx solution

warning: solve(): system is singular (rcond: 7.29052e-32); attempting approx solution

warning: solve(): system is singular (rcond: 7.11893e-32); attempting approx solution

warning: solve(): system is singular (rcond: 7.23593e-32); attempting approx solution

warning: solve(): system is singular (rcond: 7.57647e-32); attempting approx solution

warning: solve(): system is singular (rcond: 7.43304e-32); attempting approx solution

warning: solve(): system is singular (rcond: 6.98076e-32); attempting approx solution

warning: solve(): system is singular (rcond: 7.65842e-32); attempting approx solution

warning: solve(): system is singular (rcond: 7.41059e-32); attempting approx solution

warning: solve(): system is singular (rcond: 7.25544e-32); attempting approx solution

warning: solve(): system is singular (rcond: 7.49077e-32); attempting approx solution

warning: solve(): system is singular (rcond: 5.86553e-32); attempting approx solution

warning: solve(): system is singular (rcond: 7.80018e-32); attempting approx solution

warning: solve(): system is singular (rcond: 7.75716e-32); attempting approx solution

warning: solve(): system is singular (rcond: 7.63249e-32); attempting approx solution

warning: solve(): system is singular (rcond: 7.51629e-32); attempting approx solution

warning: solve(): system is singular (rcond: 7.39704e-32); attempting approx solution

warning: solve(): system is singular (rcond: 7.27352e-32); attempting approx solution

warning: solve(): system is singular (rcond: 7.12843e-32); attempting approx solution

warning: solve(): system is singular (rcond: 1.03764e-31); attempting approx solution

warning: solve(): system is singular (rcond: 6.64278e-32); attempting approx solution

warning: solve(): system is singular (rcond: 6.44561e-32); attempting approx solution

warning: solve(): system is singular (rcond: 5.45189e-32); attempting approx solution

warning: solve(): system is singular (rcond: 5.81864e-32); attempting approx solution

warning: solve(): system is singular (rcond: 5.66949e-32); attempting approx solution

warning: solve(): system is singular (rcond: 1.80876e-32); attempting approx solution

warning: solve(): system is singular (rcond: 1.38185e-32); attempting approx solution

warning: solve(): system is singular (rcond: 1.52341e-31); attempting approx solution

warning: solve(): system is singular (rcond: 4.9917e-32); attempting approx solution

warning: solve(): system is singular (rcond: 5.56768e-32); attempting approx solution

warning: solve(): system is singular (rcond: 5.59142e-32); attempting approx solution

warning: solve(): system is singular (rcond: 6.12617e-32); attempting approx solution

warning: solve(): system is singular (rcond: 6.21126e-32); attempting approx solution

warning: solve(): system is singular (rcond: 6.24354e-32); attempting approx solution

warning: solve(): system is singular (rcond: 6.26873e-32); attempting approx solution

warning: solve(): system is singular (rcond: 6.29088e-32); attempting approx solution

warning: solve(): system is singular (rcond: 6.30576e-32); attempting approx solution

warning: solve(): system is singular (rcond: 6.29742e-32); attempting approx solution

warning: solve(): system is singular (rcond: 6.43641e-32); attempting approx solution

warning: solve(): system is singular (rcond: 6.62668e-32); attempting approx solution

warning: solve(): system is singular (rcond: 6.92257e-32); attempting approx solution

warning: solve(): system is singular (rcond: 6.90246e-32); attempting approx solution

warning: solve(): system is singular (rcond: 6.88466e-32); attempting approx solution

warning: solve(): system is singular (rcond: 6.83502e-32); attempting approx solution

warning: solve(): system is singular (rcond: 6.44935e-32); attempting approx solution

warning: solve(): system is singular (rcond: 5.82057e-32); attempting approx solution

warning: solve(): system is singular (rcond: 5.63026e-32); attempting approx solution

warning: solve(): system is singular (rcond: 6.28446e-32); attempting approx solution

warning: solve(): system is singular (rcond: 5.70411e-32); attempting approx solution

warning: solve(): system is singular (rcond: 5.70791e-32); attempting approx solution

warning: solve(): system is singular (rcond: 5.71943e-32); attempting approx solution
<std::runtime_error: log_det_sympd(): given matrix is not symmetric positive definite>

warning: solve(): system is singular; attempting approx solution

warning: solve(): system is singular; attempting approx solution

warning: solve(): system is singular; attempting approx solution

warning: solve(): system is singular (rcond: 4.63464e-19); attempting approx solution

warning: solve(): system is singular (rcond: 4.63464e-19); attempting approx solution

warning: solve(): system is singular (rcond: 4.63464e-19); attempting approx solution

warning: solve(): system is singular (rcond: 4.63464e-19); attempting approx solution

warning: solve(): system is singular (rcond: 4.63464e-19); attempting approx solution

warning: solve(): system is singular (rcond: 4.63464e-19); attempting approx solution

warning: solve(): system is singular (rcond: 4.63464e-19); attempting approx solution

warning: solve(): system is singular (rcond: 4.63464e-19); attempting approx solution

warning: solve(): system is singular (rcond: 4.63464e-19); attempting approx solution

warning: solve(): system is singular (rcond: 4.63464e-19); attempting approx solution

warning: solve(): system is singular (rcond: 4.63464e-19); attempting approx solution

warning: solve(): system is singular (rcond: 4.63464e-19); attempting approx solution

warning: solve(): system is singular (rcond: 4.63464e-19); attempting approx solution

warning: solve(): system is singular (rcond: 4.63464e-19); attempting approx solution

warning: solve(): system is singular (rcond: 4.63464e-19); attempting approx solution

warning: solve(): system is singular (rcond: 4.63464e-19); attempting approx solution

warning: solve(): system is singular (rcond: 4.63464e-19); attempting approx solution

warning: solve(): system is singular (rcond: 4.63464e-19); attempting approx solution

warning: solve(): system is singular (rcond: 4.63464e-19); attempting approx solution

warning: solve(): system is singular (rcond: 4.63464e-19); attempting approx solution

warning: solve(): system is singular (rcond: 4.63464e-19); attempting approx solution

warning: solve(): system is singular (rcond: 4.63464e-19); attempting approx solution

warning: solve(): system is singular (rcond: 4.63464e-19); attempting approx solution

warning: solve(): system is singular (rcond: 4.63464e-19); attempting approx solution

warning: solve(): system is singular (rcond: 4.63464e-19); attempting approx solution

warning: solve(): system is singular (rcond: 4.63464e-19); attempting approx solution

warning: solve(): system is singular (rcond: 4.63464e-19); attempting approx solution

warning: solve(): system is singular (rcond: 4.63464e-19); attempting approx solution

warning: solve(): system is singular (rcond: 4.63464e-19); attempting approx solution

warning: solve(): system is singular (rcond: 4.63464e-19); attempting approx solution

warning: solve(): system is singular (rcond: 4.63464e-19); attempting approx solution

warning: solve(): system is singular (rcond: 4.63464e-19); attempting approx solution

warning: solve(): system is singular (rcond: 4.63464e-19); attempting approx solution

warning: solve(): system is singular (rcond: 4.63464e-19); attempting approx solution

warning: solve(): system is singular (rcond: 4.63464e-19); attempting approx solution

warning: solve(): system is singular (rcond: 4.63464e-19); attempting approx solution

warning: solve(): system is singular (rcond: 4.63464e-19); attempting approx solution

warning: solve(): system is singular (rcond: 4.63464e-19); attempting approx solution

warning: solve(): system is singular (rcond: 4.63464e-19); attempting approx solution

warning: solve(): system is singular (rcond: 4.63464e-19); attempting approx solution

warning: solve(): system is singular (rcond: 4.63464e-19); attempting approx solution

warning: solve(): system is singular (rcond: 4.63464e-19); attempting approx solution

warning: solve(): system is singular (rcond: 4.63464e-19); attempting approx solution

warning: solve(): system is singular (rcond: 4.63464e-19); attempting approx solution

warning: solve(): system is singular (rcond: 4.63464e-19); attempting approx solution

warning: solve(): system is singular (rcond: 4.63464e-19); attempting approx solution

warning: solve(): system is singular (rcond: 4.63464e-19); attempting approx solution

warning: solve(): system is singular (rcond: 4.63464e-19); attempting approx solution

warning: solve(): system is singular (rcond: 4.63464e-19); attempting approx solution

warning: solve(): system is singular (rcond: 4.63464e-19); attempting approx solution

warning: solve(): system is singular (rcond: 4.63464e-19); attempting approx solution

warning: solve(): system is singular (rcond: 4.63464e-19); attempting approx solution

warning: solve(): system is singular (rcond: 4.63464e-19); attempting approx solution

warning: solve(): system is singular (rcond: 4.63464e-19); attempting approx solution

warning: solve(): system is singular (rcond: 4.63464e-19); attempting approx solution

warning: solve(): system is singular (rcond: 4.63464e-19); attempting approx solution

warning: solve(): system is singular (rcond: 4.63464e-19); attempting approx solution

warning: solve(): system is singular (rcond: 4.63464e-19); attempting approx solution

warning: solve(): system is singular (rcond: 4.63464e-19); attempting approx solution

warning: solve(): system is singular (rcond: 4.63464e-19); attempting approx solution

warning: solve(): system is singular (rcond: 4.63464e-19); attempting approx solution

warning: solve(): system is singular (rcond: 4.63464e-19); attempting approx solution

warning: solve(): system is singular (rcond: 4.63464e-19); attempting approx solution

warning: solve(): system is singular (rcond: 4.63464e-19); attempting approx solution

warning: solve(): system is singular (rcond: 4.63464e-19); attempting approx solution

warning: solve(): system is singular (rcond: 4.63464e-19); attempting approx solution

warning: solve(): system is singular (rcond: 4.63464e-19); attempting approx solution

warning: solve(): system is singular (rcond: 4.63464e-19); attempting approx solution

warning: solve(): system is singular (rcond: 4.63464e-19); attempting approx solution

warning: solve(): system is singular (rcond: 4.63464e-19); attempting approx solution

warning: solve(): system is singular (rcond: 4.63464e-19); attempting approx solution

warning: solve(): system is singular (rcond: 4.63464e-19); attempting approx solution

warning: solve(): system is singular (rcond: 4.63464e-19); attempting approx solution

warning: solve(): system is singular (rcond: 4.63464e-19); attempting approx solution

warning: solve(): system is singular (rcond: 4.63464e-19); attempting approx solution

warning: solve(): system is singular (rcond: 4.63464e-19); attempting approx solution

warning: solve(): system is singular (rcond: 4.63464e-19); attempting approx solution

warning: solve(): system is singular (rcond: 4.63464e-19); attempting approx solution

warning: solve(): system is singular (rcond: 4.63464e-19); attempting approx solution

warning: solve(): system is singular (rcond: 4.63464e-19); attempting approx solution

warning: solve(): system is singular (rcond: 4.63464e-19); attempting approx solution

warning: solve(): system is singular (rcond: 4.63464e-19); attempting approx solution

warning: solve(): system is singular; attempting approx solution
